<?xml version="1.0" encoding="UTF-8"?>
<testsuite xmlns:xsi="http://www.w3.org/2001/XMLSchema-instance" xsi:noNamespaceSchemaLocation="https://maven.apache.org/surefire/maven-surefire-plugin/xsd/surefire-test-report-3.0.xsd" version="3.0" name="com.prashanth.service.MovieServiceImplTest" time="0.001" tests="4" errors="0" skipped="0" failures="0">
  <properties>
    <property name="sun.desktop" value="windows"/>
    <property name="awt.toolkit" value="sun.awt.windows.WToolkit"/>
    <property name="java.specification.version" value="11"/>
    <property name="sun.cpu.isalist" value="amd64"/>
    <property name="sonar.login" value="720461ff8a7badc8ef9aee0d50ff483473c1c7d9"/>
    <property name="sun.jnu.encoding" value="Cp1252"/>
    <property name="java.class.path" value="C:\2.SOLIX TECHNOLOGIES\Training session\WEEK-3\assignments\Movie\target\test-classes;C:\2.SOLIX TECHNOLOGIES\Training session\WEEK-3\assignments\Movie\target\classes;C:\Users\Prashanth patel\.m2\repository\junit\junit\4.11\junit-4.11.jar;C:\Users\Prashanth patel\.m2\repository\org\hamcrest\hamcrest-core\1.3\hamcrest-core-1.3.jar;C:\Users\Prashanth patel\.m2\repository\org\jacoco\jacoco-maven-plugin\0.7.9\jacoco-maven-plugin-0.7.9.jar;C:\Users\Prashanth patel\.m2\repository\org\apache\maven\maven-plugin-api\2.2.1\maven-plugin-api-2.2.1.jar;C:\Users\Prashanth patel\.m2\repository\org\apache\maven\maven-project\2.2.1\maven-project-2.2.1.jar;C:\Users\Prashanth patel\.m2\repository\org\apache\maven\maven-settings\2.2.1\maven-settings-2.2.1.jar;C:\Users\Prashanth patel\.m2\repository\org\apache\maven\maven-profile\2.2.1\maven-profile-2.2.1.jar;C:\Users\Prashanth patel\.m2\repository\org\apache\maven\maven-model\2.2.1\maven-model-2.2.1.jar;C:\Users\Prashanth patel\.m2\repository\org\apache\maven\maven-artifact-manager\2.2.1\maven-artifact-manager-2.2.1.jar;C:\Users\Prashanth patel\.m2\repository\org\apache\maven\maven-repository-metadata\2.2.1\maven-repository-metadata-2.2.1.jar;C:\Users\Prashanth patel\.m2\repository\org\apache\maven\wagon\wagon-provider-api\1.0-beta-6\wagon-provider-api-1.0-beta-6.jar;C:\Users\Prashanth patel\.m2\repository\backport-util-concurrent\backport-util-concurrent\3.1\backport-util-concurrent-3.1.jar;C:\Users\Prashanth patel\.m2\repository\org\apache\maven\maven-plugin-registry\2.2.1\maven-plugin-registry-2.2.1.jar;C:\Users\Prashanth patel\.m2\repository\org\codehaus\plexus\plexus-interpolation\1.11\plexus-interpolation-1.11.jar;C:\Users\Prashanth patel\.m2\repository\org\apache\maven\maven-artifact\2.2.1\maven-artifact-2.2.1.jar;C:\Users\Prashanth patel\.m2\repository\org\codehaus\plexus\plexus-container-default\1.0-alpha-9-stable-1\plexus-container-default-1.0-alpha-9-stable-1.jar;C:\Users\Prashanth patel\.m2\repository\classworlds\classworlds\1.1-alpha-2\classworlds-1.1-alpha-2.jar;C:\Users\Prashanth patel\.m2\repository\org\codehaus\plexus\plexus-utils\3.0.22\plexus-utils-3.0.22.jar;C:\Users\Prashanth patel\.m2\repository\org\apache\maven\shared\file-management\1.2.1\file-management-1.2.1.jar;C:\Users\Prashanth patel\.m2\repository\org\apache\maven\shared\maven-shared-io\1.1\maven-shared-io-1.1.jar;C:\Users\Prashanth patel\.m2\repository\org\apache\maven\reporting\maven-reporting-api\2.2.1\maven-reporting-api-2.2.1.jar;C:\Users\Prashanth patel\.m2\repository\org\apache\maven\doxia\doxia-sink-api\1.1\doxia-sink-api-1.1.jar;C:\Users\Prashanth patel\.m2\repository\org\apache\maven\doxia\doxia-logging-api\1.1\doxia-logging-api-1.1.jar;C:\Users\Prashanth patel\.m2\repository\org\apache\maven\reporting\maven-reporting-impl\2.1\maven-reporting-impl-2.1.jar;C:\Users\Prashanth patel\.m2\repository\org\apache\maven\doxia\doxia-core\1.1.2\doxia-core-1.1.2.jar;C:\Users\Prashanth patel\.m2\repository\xerces\xercesImpl\2.8.1\xercesImpl-2.8.1.jar;C:\Users\Prashanth patel\.m2\repository\commons-lang\commons-lang\2.4\commons-lang-2.4.jar;C:\Users\Prashanth patel\.m2\repository\commons-httpclient\commons-httpclient\3.1\commons-httpclient-3.1.jar;C:\Users\Prashanth patel\.m2\repository\commons-codec\commons-codec\1.2\commons-codec-1.2.jar;C:\Users\Prashanth patel\.m2\repository\org\apache\maven\doxia\doxia-site-renderer\1.1.2\doxia-site-renderer-1.1.2.jar;C:\Users\Prashanth patel\.m2\repository\org\apache\maven\doxia\doxia-decoration-model\1.1.2\doxia-decoration-model-1.1.2.jar;C:\Users\Prashanth patel\.m2\repository\org\apache\maven\doxia\doxia-module-xhtml\1.1.2\doxia-module-xhtml-1.1.2.jar;C:\Users\Prashanth patel\.m2\repository\org\apache\maven\doxia\doxia-module-fml\1.1.2\doxia-module-fml-1.1.2.jar;C:\Users\Prashanth patel\.m2\repository\org\codehaus\plexus\plexus-i18n\1.0-beta-7\plexus-i18n-1.0-beta-7.jar;C:\Users\Prashanth patel\.m2\repository\org\codehaus\plexus\plexus-velocity\1.1.7\plexus-velocity-1.1.7.jar;C:\Users\Prashanth patel\.m2\repository\org\apache\velocity\velocity\1.5\velocity-1.5.jar;C:\Users\Prashanth patel\.m2\repository\commons-collections\commons-collections\3.2\commons-collections-3.2.jar;C:\Users\Prashanth patel\.m2\repository\commons-validator\commons-validator\1.2.0\commons-validator-1.2.0.jar;C:\Users\Prashanth patel\.m2\repository\commons-beanutils\commons-beanutils\1.7.0\commons-beanutils-1.7.0.jar;C:\Users\Prashanth patel\.m2\repository\commons-digester\commons-digester\1.6\commons-digester-1.6.jar;C:\Users\Prashanth patel\.m2\repository\commons-logging\commons-logging\1.0.4\commons-logging-1.0.4.jar;C:\Users\Prashanth patel\.m2\repository\oro\oro\2.0.8\oro-2.0.8.jar;C:\Users\Prashanth patel\.m2\repository\xml-apis\xml-apis\1.0.b2\xml-apis-1.0.b2.jar;C:\Users\Prashanth patel\.m2\repository\org\jacoco\org.jacoco.agent\0.7.9\org.jacoco.agent-0.7.9-runtime.jar;C:\Users\Prashanth patel\.m2\repository\org\jacoco\org.jacoco.core\0.7.9\org.jacoco.core-0.7.9.jar;C:\Users\Prashanth patel\.m2\repository\org\ow2\asm\asm-debug-all\5.2\asm-debug-all-5.2.jar;C:\Users\Prashanth patel\.m2\repository\org\jacoco\org.jacoco.report\0.7.9\org.jacoco.report-0.7.9.jar;"/>
    <property name="java.vm.vendor" value="Oracle Corporation"/>
    <property name="sun.arch.data.model" value="64"/>
    <property name="user.variant" value=""/>
    <property name="java.vendor.url" value="https://openjdk.java.net/"/>
    <property name="user.timezone" value="Asia/Calcutta"/>
    <property name="java.vm.specification.version" value="11"/>
    <property name="os.name" value="Windows 10"/>
    <property name="sun.java.launcher" value="SUN_STANDARD"/>
    <property name="user.country" value="IN"/>
    <property name="sun.boot.library.path" value="C:\Program Files\Java\jdk-11.0.13\bin"/>
    <property name="sun.java.command" value="C:\Users\Prashanth patel\AppData\Local\Temp\surefire10561955929663073885\surefirebooter6108130557616034756.jar C:\Users\Prashanth patel\AppData\Local\Temp\surefire10561955929663073885 2022-06-05T19-08-31_086-jvmRun1 surefire8994240971088933351tmp surefire_02980596456436135116tmp"/>
    <property name="jdk.debug" value="release"/>
    <property name="surefire.test.class.path" value="C:\2.SOLIX TECHNOLOGIES\Training session\WEEK-3\assignments\Movie\target\test-classes;C:\2.SOLIX TECHNOLOGIES\Training session\WEEK-3\assignments\Movie\target\classes;C:\Users\Prashanth patel\.m2\repository\junit\junit\4.11\junit-4.11.jar;C:\Users\Prashanth patel\.m2\repository\org\hamcrest\hamcrest-core\1.3\hamcrest-core-1.3.jar;C:\Users\Prashanth patel\.m2\repository\org\jacoco\jacoco-maven-plugin\0.7.9\jacoco-maven-plugin-0.7.9.jar;C:\Users\Prashanth patel\.m2\repository\org\apache\maven\maven-plugin-api\2.2.1\maven-plugin-api-2.2.1.jar;C:\Users\Prashanth patel\.m2\repository\org\apache\maven\maven-project\2.2.1\maven-project-2.2.1.jar;C:\Users\Prashanth patel\.m2\repository\org\apache\maven\maven-settings\2.2.1\maven-settings-2.2.1.jar;C:\Users\Prashanth patel\.m2\repository\org\apache\maven\maven-profile\2.2.1\maven-profile-2.2.1.jar;C:\Users\Prashanth patel\.m2\repository\org\apache\maven\maven-model\2.2.1\maven-model-2.2.1.jar;C:\Users\Prashanth patel\.m2\repository\org\apache\maven\maven-artifact-manager\2.2.1\maven-artifact-manager-2.2.1.jar;C:\Users\Prashanth patel\.m2\repository\org\apache\maven\maven-repository-metadata\2.2.1\maven-repository-metadata-2.2.1.jar;C:\Users\Prashanth patel\.m2\repository\org\apache\maven\wagon\wagon-provider-api\1.0-beta-6\wagon-provider-api-1.0-beta-6.jar;C:\Users\Prashanth patel\.m2\repository\backport-util-concurrent\backport-util-concurrent\3.1\backport-util-concurrent-3.1.jar;C:\Users\Prashanth patel\.m2\repository\org\apache\maven\maven-plugin-registry\2.2.1\maven-plugin-registry-2.2.1.jar;C:\Users\Prashanth patel\.m2\repository\org\codehaus\plexus\plexus-interpolation\1.11\plexus-interpolation-1.11.jar;C:\Users\Prashanth patel\.m2\repository\org\apache\maven\maven-artifact\2.2.1\maven-artifact-2.2.1.jar;C:\Users\Prashanth patel\.m2\repository\org\codehaus\plexus\plexus-container-default\1.0-alpha-9-stable-1\plexus-container-default-1.0-alpha-9-stable-1.jar;C:\Users\Prashanth patel\.m2\repository\classworlds\classworlds\1.1-alpha-2\classworlds-1.1-alpha-2.jar;C:\Users\Prashanth patel\.m2\repository\org\codehaus\plexus\plexus-utils\3.0.22\plexus-utils-3.0.22.jar;C:\Users\Prashanth patel\.m2\repository\org\apache\maven\shared\file-management\1.2.1\file-management-1.2.1.jar;C:\Users\Prashanth patel\.m2\repository\org\apache\maven\shared\maven-shared-io\1.1\maven-shared-io-1.1.jar;C:\Users\Prashanth patel\.m2\repository\org\apache\maven\reporting\maven-reporting-api\2.2.1\maven-reporting-api-2.2.1.jar;C:\Users\Prashanth patel\.m2\repository\org\apache\maven\doxia\doxia-sink-api\1.1\doxia-sink-api-1.1.jar;C:\Users\Prashanth patel\.m2\repository\org\apache\maven\doxia\doxia-logging-api\1.1\doxia-logging-api-1.1.jar;C:\Users\Prashanth patel\.m2\repository\org\apache\maven\reporting\maven-reporting-impl\2.1\maven-reporting-impl-2.1.jar;C:\Users\Prashanth patel\.m2\repository\org\apache\maven\doxia\doxia-core\1.1.2\doxia-core-1.1.2.jar;C:\Users\Prashanth patel\.m2\repository\xerces\xercesImpl\2.8.1\xercesImpl-2.8.1.jar;C:\Users\Prashanth patel\.m2\repository\commons-lang\commons-lang\2.4\commons-lang-2.4.jar;C:\Users\Prashanth patel\.m2\repository\commons-httpclient\commons-httpclient\3.1\commons-httpclient-3.1.jar;C:\Users\Prashanth patel\.m2\repository\commons-codec\commons-codec\1.2\commons-codec-1.2.jar;C:\Users\Prashanth patel\.m2\repository\org\apache\maven\doxia\doxia-site-renderer\1.1.2\doxia-site-renderer-1.1.2.jar;C:\Users\Prashanth patel\.m2\repository\org\apache\maven\doxia\doxia-decoration-model\1.1.2\doxia-decoration-model-1.1.2.jar;C:\Users\Prashanth patel\.m2\repository\org\apache\maven\doxia\doxia-module-xhtml\1.1.2\doxia-module-xhtml-1.1.2.jar;C:\Users\Prashanth patel\.m2\repository\org\apache\maven\doxia\doxia-module-fml\1.1.2\doxia-module-fml-1.1.2.jar;C:\Users\Prashanth patel\.m2\repository\org\codehaus\plexus\plexus-i18n\1.0-beta-7\plexus-i18n-1.0-beta-7.jar;C:\Users\Prashanth patel\.m2\repository\org\codehaus\plexus\plexus-velocity\1.1.7\plexus-velocity-1.1.7.jar;C:\Users\Prashanth patel\.m2\repository\org\apache\velocity\velocity\1.5\velocity-1.5.jar;C:\Users\Prashanth patel\.m2\repository\commons-collections\commons-collections\3.2\commons-collections-3.2.jar;C:\Users\Prashanth patel\.m2\repository\commons-validator\commons-validator\1.2.0\commons-validator-1.2.0.jar;C:\Users\Prashanth patel\.m2\repository\commons-beanutils\commons-beanutils\1.7.0\commons-beanutils-1.7.0.jar;C:\Users\Prashanth patel\.m2\repository\commons-digester\commons-digester\1.6\commons-digester-1.6.jar;C:\Users\Prashanth patel\.m2\repository\commons-logging\commons-logging\1.0.4\commons-logging-1.0.4.jar;C:\Users\Prashanth patel\.m2\repository\oro\oro\2.0.8\oro-2.0.8.jar;C:\Users\Prashanth patel\.m2\repository\xml-apis\xml-apis\1.0.b2\xml-apis-1.0.b2.jar;C:\Users\Prashanth patel\.m2\repository\org\jacoco\org.jacoco.agent\0.7.9\org.jacoco.agent-0.7.9-runtime.jar;C:\Users\Prashanth patel\.m2\repository\org\jacoco\org.jacoco.core\0.7.9\org.jacoco.core-0.7.9.jar;C:\Users\Prashanth patel\.m2\repository\org\ow2\asm\asm-debug-all\5.2\asm-debug-all-5.2.jar;C:\Users\Prashanth patel\.m2\repository\org\jacoco\org.jacoco.report\0.7.9\org.jacoco.report-0.7.9.jar;"/>
    <property name="sun.cpu.endian" value="little"/>
    <property name="user.home" value="C:\Users\Prashanth patel"/>
    <property name="user.language" value="en"/>
    <property name="java.specification.vendor" value="Oracle Corporation"/>
    <property name="java.version.date" value="2021-10-19"/>
    <property name="java.home" value="C:\Program Files\Java\jdk-11.0.13"/>
    <property name="file.separator" value="\"/>
    <property name="basedir" value="C:\2.SOLIX TECHNOLOGIES\Training session\WEEK-3\assignments\Movie"/>
    <property name="java.vm.compressedOopsMode" value="32-bit"/>
    <property name="line.separator" value="&#10;"/>
    <property name="java.specification.name" value="Java Platform API Specification"/>
    <property name="java.vm.specification.vendor" value="Oracle Corporation"/>
    <property name="java.awt.graphicsenv" value="sun.awt.Win32GraphicsEnvironment"/>
    <property name="surefire.real.class.path" value="C:\Users\Prashanth patel\AppData\Local\Temp\surefire10561955929663073885\surefirebooter6108130557616034756.jar"/>
    <property name="user.script" value=""/>
    <property name="sun.management.compiler" value="HotSpot 64-Bit Tiered Compilers"/>
    <property name="java.runtime.version" value="11.0.13+10-LTS-370"/>
    <property name="user.name" value="Prashanth patel"/>
    <property name="path.separator" value=";"/>
    <property name="os.version" value="10.0"/>
    <property name="java.runtime.name" value="Java(TM) SE Runtime Environment"/>
    <property name="file.encoding" value="Cp1252"/>
    <property name="java.vm.name" value="Java HotSpot(TM) 64-Bit Server VM"/>
    <property name="java.vendor.version" value="18.9"/>
    <property name="localRepository" value="C:\Users\Prashanth patel\.m2\repository"/>
    <property name="java.vendor.url.bug" value="https://bugreport.java.com/bugreport/"/>
    <property name="java.io.tmpdir" value="C:\Users\PRASHA~1\AppData\Local\Temp\"/>
    <property name="java.version" value="11.0.13"/>
    <property name="user.dir" value="C:\2.SOLIX TECHNOLOGIES\Training session\WEEK-3\assignments\Movie"/>
    <property name="os.arch" value="amd64"/>
    <property name="java.vm.specification.name" value="Java Virtual Machine Specification"/>
    <property name="java.awt.printerjob" value="sun.awt.windows.WPrinterJob"/>
    <property name="sun.os.patch.level" value=""/>
    <property name="java.library.path" value="C:\Program Files\Java\jdk-11.0.13\bin;C:\WINDOWS\Sun\Java\bin;C:\WINDOWS\system32;C:\WINDOWS;C:\Python310\Scripts\;C:\Python310\;C:\Program Files\Common Files\Oracle\Java\javapath;C:\WINDOWS\system32;C:\WINDOWS;C:\WINDOWS\System32\Wbem;C:\WINDOWS\System32\WindowsPowerShell\v1.0\;C:\WINDOWS\System32\OpenSSH\;C:\Users\Prashanth patel\Downloads\jdk-11.0.12_windows-x64_bin.zip\jdk-11.0.12\bin;C:\Program Files\Microsoft SQL Server\150\Tools\Binn\;C:\ProgramData\chocolatey\bin;C:\Program Files\Git\cmd;%JAVA_HOME%\bin;C:\Users\Prashanth patel\Downloads\apache-maven-3.8.4-bin\apache-maven-3.8.4\bin;C:\Program Files\nodejs\;C:\Program Files\Java\jdk-11.0.13\bin;C:\Program Files\MySQL\MySQL Shell 8.0\bin\;C:\Users\Prashanth patel\AppData\Local\Microsoft\WindowsApps;C:\Users\Prashanth patel\Documents\Prashanth\IntelliJ IDEA Community Edition 2021.2.3\bin;;C:\ProgramData\Prashanth patel\GitHubDesktop\bin;C:\Program Files\MongoDB\Server\5.0\bin;C:\Users\Prashanth patel\AppData\Roaming\npm;C:\Users\Prashanth patel\AppData\Local\Programs\Microsoft VS Code\bin;C:\Program Files\JetBrains\PyCharm Community Edition 2021.3.3\bin;;C:\Users\Prashanth patel\Downloads\apache-maven-3.8.5-bin\apache-maven-3.8.5\bin;C:\2.SOLIX TECHNOLOGIES\Training session\sonarqube-9.4.0.54424\bin\windows-x86-64;C:\Program Files\Java\jdk-11.0.13\bin;;."/>
    <property name="java.vendor" value="Oracle Corporation"/>
    <property name="java.vm.info" value="mixed mode"/>
    <property name="java.vm.version" value="11.0.13+10-LTS-370"/>
    <property name="sun.io.unicode.encoding" value="UnicodeLittle"/>
    <property name="java.class.version" value="55.0"/>
  </properties>
  <testcase name="GetAllMovieList" classname="com.prashanth.service.MovieServiceImplTest" time="0"/>
  <testcase name="AddMovie" classname="com.prashanth.service.MovieServiceImplTest" time="0"/>
  <testcase name="GetMovieById" classname="com.prashanth.service.MovieServiceImplTest" time="0"/>
  <testcase name="testUpdateMovieDetails" classname="com.prashanth.service.MovieServiceImplTest" time="0"/>
</testsuite>